<?xml version="1.0" encoding="UTF-8"?>
<coverage generated="1650301923681" clover="3.2.0">
  <project timestamp="1650301923681" name="All files">
    <metrics statements="74" coveredstatements="74" conditionals="9" coveredconditionals="9" methods="25" coveredmethods="25" elements="108" coveredelements="108" complexity="0" loc="74" ncloc="74" packages="4" files="7" classes="7"/>
    <package name="components.NewTaskField">
      <metrics statements="27" coveredstatements="27" conditionals="3" coveredconditionals="3" methods="7" coveredmethods="7"/>
      <file name="index.tsx" path="C:\Users\ryzen\Documents\projects\TodoList\src\components\NewTaskField\index.tsx">
        <metrics statements="19" coveredstatements="19" conditionals="1" coveredconditionals="1" methods="5" coveredmethods="5"/>
        <line num="1" count="2" type="stmt"/>
        <line num="2" count="2" type="stmt"/>
        <line num="5" count="2" type="stmt"/>
        <line num="7" count="2" type="stmt"/>
        <line num="13" count="24" type="stmt"/>
        <line num="14" count="24" type="stmt"/>
        <line num="15" count="24" type="stmt"/>
        <line num="17" count="24" type="stmt"/>
        <line num="18" count="15" type="stmt"/>
        <line num="20" count="15" type="stmt"/>
        <line num="23" count="24" type="stmt"/>
        <line num="24" count="3" type="stmt"/>
        <line num="25" count="3" type="stmt"/>
        <line num="28" count="24" type="stmt"/>
        <line num="29" count="16" type="stmt"/>
        <line num="31" count="16" type="cond" truecount="1" falsecount="0"/>
        <line num="32" count="1" type="stmt"/>
        <line num="36" count="24" type="stmt"/>
        <line num="55" count="2" type="stmt"/>
      </file>
      <file name="styled.ts" path="C:\Users\ryzen\Documents\projects\TodoList\src\components\NewTaskField\styled.ts">
        <metrics statements="8" coveredstatements="8" conditionals="2" coveredconditionals="2" methods="2" coveredmethods="2"/>
        <line num="1" count="2" type="stmt"/>
        <line num="2" count="2" type="stmt"/>
        <line num="4" count="2" type="stmt"/>
        <line num="10" count="2" type="stmt"/>
        <line num="11" count="74" type="stmt"/>
        <line num="13" count="24" type="stmt"/>
        <line num="14" count="24" type="stmt"/>
        <line num="21" count="2" type="stmt"/>
      </file>
    </package>
    <package name="components.ToDoItem.EditToDoItem">
      <metrics statements="19" coveredstatements="19" conditionals="2" coveredconditionals="2" methods="6" coveredmethods="6"/>
      <file name="index.tsx" path="C:\Users\ryzen\Documents\projects\TodoList\src\components\ToDoItem\EditToDoItem\index.tsx">
        <metrics statements="15" coveredstatements="15" conditionals="2" coveredconditionals="2" methods="5" coveredmethods="5"/>
        <line num="1" count="2" type="stmt"/>
        <line num="2" count="2" type="stmt"/>
        <line num="5" count="2" type="stmt"/>
        <line num="6" count="2" type="stmt"/>
        <line num="15" count="20" type="stmt"/>
        <line num="16" count="20" type="stmt"/>
        <line num="19" count="20" type="stmt"/>
        <line num="20" count="16" type="stmt"/>
        <line num="23" count="20" type="stmt"/>
        <line num="24" count="1" type="stmt"/>
        <line num="25" count="1" type="stmt"/>
        <line num="27" count="2" type="cond" truecount="2" falsecount="0"/>
        <line num="29" count="1" type="stmt"/>
        <line num="32" count="20" type="stmt"/>
        <line num="58" count="2" type="stmt"/>
      </file>
      <file name="styled.ts" path="C:\Users\ryzen\Documents\projects\TodoList\src\components\ToDoItem\EditToDoItem\styled.ts">
        <metrics statements="4" coveredstatements="4" conditionals="0" coveredconditionals="0" methods="1" coveredmethods="1"/>
        <line num="1" count="2" type="stmt"/>
        <line num="3" count="20" type="stmt"/>
        <line num="9" count="2" type="stmt"/>
        <line num="20" count="2" type="stmt"/>
      </file>
    </package>
    <package name="components.ToDoItem.ViewToDoItem">
      <metrics statements="24" coveredstatements="24" conditionals="4" coveredconditionals="4" methods="10" coveredmethods="10"/>
      <file name="index.tsx" path="C:\Users\ryzen\Documents\projects\TodoList\src\components\ToDoItem\ViewToDoItem\index.tsx">
        <metrics statements="12" coveredstatements="12" conditionals="2" coveredconditionals="2" methods="7" coveredmethods="7"/>
        <line num="1" count="1" type="stmt"/>
        <line num="2" count="1" type="stmt"/>
        <line num="5" count="1" type="stmt"/>
        <line num="6" count="1" type="stmt"/>
        <line num="22" count="4" type="stmt"/>
        <line num="24" count="4" type="stmt"/>
        <line num="25" count="1" type="stmt"/>
        <line num="26" count="2" type="cond" truecount="2" falsecount="0"/>
        <line num="30" count="4" type="stmt"/>
        <line num="31" count="2" type="stmt"/>
        <line num="34" count="4" type="stmt"/>
        <line num="61" count="1" type="stmt"/>
      </file>
      <file name="styled.ts" path="C:\Users\ryzen\Documents\projects\TodoList\src\components\ToDoItem\ViewToDoItem\styled.ts">
        <metrics statements="12" coveredstatements="12" conditionals="2" coveredconditionals="2" methods="3" coveredmethods="3"/>
        <line num="1" count="1" type="stmt"/>
        <line num="2" count="1" type="stmt"/>
        <line num="3" count="1" type="stmt"/>
        <line num="5" count="1" type="stmt"/>
        <line num="6" count="13" type="stmt"/>
        <line num="8" count="4" type="stmt"/>
        <line num="9" count="4" type="stmt"/>
        <line num="29" count="4" type="stmt"/>
        <line num="35" count="1" type="stmt"/>
        <line num="42" count="1" type="stmt"/>
        <line num="56" count="1" type="stmt"/>
        <line num="68" count="1" type="stmt"/>
      </file>
    </package>
    <package name="helpers">
      <metrics statements="4" coveredstatements="4" conditionals="0" coveredconditionals="0" methods="2" coveredmethods="2"/>
      <file name="index.ts" path="C:\Users\ryzen\Documents\projects\TodoList\src\helpers\index.ts">
        <metrics statements="4" coveredstatements="4" conditionals="0" coveredconditionals="0" methods="2" coveredmethods="2"/>
        <line num="1" count="5" type="stmt"/>
        <line num="4" count="5" type="stmt"/>
        <line num="5" count="3" type="stmt"/>
        <line num="7" count="5" type="stmt"/>
      </file>
    </package>
  </project>
</coverage>
