{"C:\\Users\\ryzen\\Documents\\projects\\TodoList\\src\\components\\NewTaskField\\index.tsx": {"path":"C:\\Users\\ryzen\\Documents\\projects\\TodoList\\src\\components\\NewTaskField\\index.tsx","statementMap":{"0":{"start":{"line":1,"column":0},"end":{"line":1,"column":44}},"1":{"start":{"line":2,"column":0},"end":{"line":2,"column":36}},"2":{"start":{"line":5,"column":0},"end":{"line":5,"column":48}},"3":{"start":{"line":7,"column":0},"end":{"line":7,"column":80}},"4":{"start":{"line":13,"column":44},"end":{"line":53,"column":1}},"5":{"start":{"line":13,"column":59},"end":{"line":13,"column":61}},"6":{"start":{"line":14,"column":32},"end":{"line":14,"column":52}},"7":{"start":{"line":14,"column":16},"end":{"line":14,"column":18}},"8":{"start":{"line":14,"column":28},"end":{"line":14,"column":32}},"9":{"start":{"line":15,"column":13},"end":{"line":15,"column":21}},"10":{"start":{"line":17,"column":94},"end":{"line":21,"column":3}},"11":{"start":{"line":18,"column":19},"end":{"line":18,"column":null}},"12":{"start":{"line":20,"column":4},"end":{"line":20,"column":22}},"13":{"start":{"line":23,"column":28},"end":{"line":26,"column":3}},"14":{"start":{"line":24,"column":4},"end":{"line":24,"column":88}},"15":{"start":{"line":24,"column":33},"end":{"line":24,"column":86}},"16":{"start":{"line":25,"column":4},"end":{"line":25,"column":19}},"17":{"start":{"line":28,"column":74},"end":{"line":34,"column":3}},"18":{"start":{"line":29,"column":7},"end":{"line":29,"column":null}},"19":{"start":{"line":31,"column":4},"end":{"line":33,"column":null}},"20":{"start":{"line":32,"column":6},"end":{"line":32,"column":26}},"21":{"start":{"line":36,"column":2},"end":{"line":52,"column":4}},"22":{"start":{"line":55,"column":0},"end":{"line":55,"column":28}}},"fnMap":{"0":{"name":"(anonymous_1)","decl":{"start":{"line":13,"column":44},"end":{"line":13,"column":45}},"loc":{"start":{"line":13,"column":61},"end":{"line":53,"column":1}}},"1":{"name":"(anonymous_2)","decl":{"start":{"line":17,"column":94},"end":{"line":17,"column":95}},"loc":{"start":{"line":19,"column":3},"end":{"line":21,"column":3}}},"2":{"name":"(anonymous_3)","decl":{"start":{"line":23,"column":28},"end":{"line":23,"column":null}},"loc":{"start":{"line":23,"column":28},"end":{"line":26,"column":3}}},"3":{"name":"(anonymous_4)","decl":{"start":{"line":24,"column":17},"end":{"line":24,"column":29}},"loc":{"start":{"line":24,"column":29},"end":{"line":24,"column":37}}},"4":{"name":"(anonymous_5)","decl":{"start":{"line":28,"column":74},"end":{"line":28,"column":75}},"loc":{"start":{"line":30,"column":3},"end":{"line":34,"column":3}}}},"branchMap":{"0":{"loc":{"start":{"line":31,"column":4},"end":{"line":33,"column":null}},"type":"if","locations":[{"start":{"line":31,"column":4},"end":{"line":33,"column":null}}]}},"s":{"0":2,"1":2,"2":2,"3":2,"4":2,"5":24,"6":24,"7":24,"8":24,"9":24,"10":24,"11":15,"12":15,"13":24,"14":3,"15":2,"16":3,"17":24,"18":16,"19":16,"20":1,"21":24,"22":2},"f":{"0":24,"1":15,"2":3,"3":2,"4":16},"b":{"0":[1]}}
,"C:\\Users\\ryzen\\Documents\\projects\\TodoList\\src\\components\\NewTaskField\\styled.ts": {"path":"C:\\Users\\ryzen\\Documents\\projects\\TodoList\\src\\components\\NewTaskField\\styled.ts","statementMap":{"0":{"start":{"line":1,"column":0},"end":{"line":1,"column":55}},"1":{"start":{"line":2,"column":0},"end":{"line":2,"column":46}},"2":{"start":{"line":4,"column":13},"end":{"line":8,"column":3}},"3":{"start":{"line":10,"column":13},"end":{"line":19,"column":3}},"4":{"start":{"line":11,"column":33},"end":{"line":11,"column":null}},"5":{"start":{"line":13,"column":9},"end":{"line":13,"column":null}},"6":{"start":{"line":14,"column":6},"end":{"line":19,"column":2}},"7":{"start":{"line":21,"column":13},"end":{"line":47,"column":3}}},"fnMap":{"0":{"name":"(anonymous_0)","decl":{"start":{"line":11,"column":21},"end":{"line":11,"column":29}},"loc":{"start":{"line":11,"column":29},"end":{"line":11,"column":41}}},"1":{"name":"(anonymous_1)","decl":{"start":{"line":12,"column":23},"end":{"line":12,"column":24}},"loc":{"start":{"line":14,"column":1},"end":{"line":14,"column":null}}}},"branchMap":{"0":{"loc":{"start":{"line":16,"column":16},"end":{"line":16,"column":46}},"type":"cond-expr","locations":[{"start":{"line":16,"column":26},"end":{"line":16,"column":35}},{"start":{"line":16,"column":38},"end":{"line":16,"column":46}}]}},"s":{"0":2,"1":2,"2":2,"3":2,"4":74,"5":24,"6":24,"7":2},"f":{"0":74,"1":24},"b":{"0":[15,9]}}
,"C:\\Users\\ryzen\\Documents\\projects\\TodoList\\src\\components\\ToDoItem\\EditToDoItem\\index.tsx": {"path":"C:\\Users\\ryzen\\Documents\\projects\\TodoList\\src\\components\\ToDoItem\\EditToDoItem\\index.tsx","statementMap":{"0":{"start":{"line":1,"column":0},"end":{"line":1,"column":44}},"1":{"start":{"line":2,"column":0},"end":{"line":2,"column":39}},"2":{"start":{"line":5,"column":0},"end":{"line":5,"column":48}},"3":{"start":{"line":6,"column":0},"end":{"line":6,"column":83}},"4":{"start":{"line":15,"column":44},"end":{"line":56,"column":1}},"5":{"start":{"line":15,"column":59},"end":{"line":15,"column":61}},"6":{"start":{"line":15,"column":76},"end":{"line":15,"column":78}},"7":{"start":{"line":15,"column":80},"end":{"line":15,"column":82}},"8":{"start":{"line":15,"column":86},"end":{"line":15,"column":88}},"9":{"start":{"line":16,"column":34},"end":{"line":16,"column":48}},"10":{"start":{"line":16,"column":17},"end":{"line":16,"column":19}},"11":{"start":{"line":16,"column":30},"end":{"line":16,"column":34}},"12":{"start":{"line":19,"column":3},"end":{"line":21,"column":4}},"13":{"start":{"line":19,"column":21},"end":{"line":19,"column":25}},"14":{"start":{"line":20,"column":5},"end":{"line":20,"column":24}},"15":{"start":{"line":23,"column":72},"end":{"line":30,"column":3}},"16":{"start":{"line":24,"column":4},"end":{"line":28,"column":9}},"17":{"start":{"line":25,"column":6},"end":{"line":28,"column":8}},"18":{"start":{"line":27,"column":10},"end":{"line":27,"column":null}},"19":{"start":{"line":29,"column":4},"end":{"line":29,"column":22}},"20":{"start":{"line":32,"column":2},"end":{"line":55,"column":4}},"21":{"start":{"line":58,"column":0},"end":{"line":58,"column":28}}},"fnMap":{"0":{"name":"(anonymous_2)","decl":{"start":{"line":15,"column":44},"end":{"line":15,"column":45}},"loc":{"start":{"line":15,"column":88},"end":{"line":56,"column":1}}},"1":{"name":"(anonymous_3)","decl":{"start":{"line":19,"column":3},"end":{"line":19,"column":4}},"loc":{"start":{"line":19,"column":25},"end":{"line":21,"column":4}}},"2":{"name":"(anonymous_4)","decl":{"start":{"line":23,"column":72},"end":{"line":23,"column":null}},"loc":{"start":{"line":23,"column":72},"end":{"line":30,"column":3}}},"3":{"name":"(anonymous_5)","decl":{"start":{"line":24,"column":17},"end":{"line":24,"column":29}},"loc":{"start":{"line":24,"column":29},"end":{"line":25,"column":18}}},"4":{"name":"(anonymous_6)","decl":{"start":{"line":26,"column":8},"end":{"line":26,"column":12}},"loc":{"start":{"line":26,"column":12},"end":{"line":27,"column":11}}}},"branchMap":{"0":{"loc":{"start":{"line":27,"column":11},"end":{"line":27,"column":70}},"type":"cond-expr","locations":[{"start":{"line":27,"column":28},"end":{"line":27,"column":63}},{"start":{"line":27,"column":66},"end":{"line":27,"column":70}}]}},"s":{"0":2,"1":2,"2":2,"3":2,"4":2,"5":20,"6":20,"7":20,"8":20,"9":20,"10":20,"11":20,"12":20,"13":16,"14":16,"15":20,"16":1,"17":1,"18":2,"19":1,"20":20,"21":2},"f":{"0":20,"1":16,"2":1,"3":1,"4":2},"b":{"0":[1,1]}}
,"C:\\Users\\ryzen\\Documents\\projects\\TodoList\\src\\components\\ToDoItem\\EditToDoItem\\styled.ts": {"path":"C:\\Users\\ryzen\\Documents\\projects\\TodoList\\src\\components\\ToDoItem\\EditToDoItem\\styled.ts","statementMap":{"0":{"start":{"line":1,"column":0},"end":{"line":1,"column":55}},"1":{"start":{"line":3,"column":13},"end":{"line":7,"column":4}},"2":{"start":{"line":3,"column":56},"end":{"line":3,"column":58}},"3":{"start":{"line":3,"column":63},"end":{"line":7,"column":3}},"4":{"start":{"line":9,"column":13},"end":{"line":18,"column":3}},"5":{"start":{"line":20,"column":13},"end":{"line":25,"column":3}}},"fnMap":{"0":{"name":"(anonymous_0)","decl":{"start":{"line":3,"column":48},"end":{"line":3,"column":49}},"loc":{"start":{"line":3,"column":58},"end":{"line":3,"column":64}}}},"branchMap":{},"s":{"0":2,"1":2,"2":20,"3":20,"4":2,"5":2},"f":{"0":20},"b":{}}
,"C:\\Users\\ryzen\\Documents\\projects\\TodoList\\src\\components\\ToDoItem\\ViewToDoItem\\index.tsx": {"path":"C:\\Users\\ryzen\\Documents\\projects\\TodoList\\src\\components\\ToDoItem\\ViewToDoItem\\index.tsx","statementMap":{"0":{"start":{"line":1,"column":0},"end":{"line":1,"column":53}},"1":{"start":{"line":2,"column":0},"end":{"line":2,"column":57}},"2":{"start":{"line":5,"column":0},"end":{"line":5,"column":34}},"3":{"start":{"line":6,"column":0},"end":{"line":6,"column":null}},"4":{"start":{"line":22,"column":1},"end":{"line":59,"column":2}},"5":{"start":{"line":22,"column":19},"end":{"line":22,"column":21}},"6":{"start":{"line":22,"column":33},"end":{"line":22,"column":35}},"7":{"start":{"line":22,"column":35},"end":{"line":22,"column":54}},"8":{"start":{"line":22,"column":58},"end":{"line":22,"column":60}},"9":{"start":{"line":22,"column":62},"end":{"line":22,"column":64}},"10":{"start":{"line":22,"column":68},"end":{"line":22,"column":70}},"11":{"start":{"line":22,"column":79},"end":{"line":22,"column":81}},"12":{"start":{"line":24,"column":4},"end":{"line":28,"column":10}},"13":{"start":{"line":25,"column":6},"end":{"line":27,"column":9}},"14":{"start":{"line":25,"column":35},"end":{"line":27,"column":8}},"15":{"start":{"line":26,"column":23},"end":{"line":26,"column":null}},"16":{"start":{"line":30,"column":29},"end":{"line":32,"column":4}},"17":{"start":{"line":31,"column":5},"end":{"line":31,"column":93}},"18":{"start":{"line":31,"column":34},"end":{"line":31,"column":92}},"19":{"start":{"line":31,"column":69},"end":{"line":31,"column":91}},"20":{"start":{"line":34,"column":3},"end":{"line":58,"column":5}},"21":{"start":{"line":61,"column":0},"end":{"line":61,"column":34}}},"fnMap":{"0":{"name":"(anonymous_2)","decl":{"start":{"line":22,"column":1},"end":{"line":22,"column":2}},"loc":{"start":{"line":22,"column":83},"end":{"line":59,"column":2}}},"1":{"name":"(anonymous_3)","decl":{"start":{"line":24,"column":16},"end":{"line":24,"column":17}},"loc":{"start":{"line":24,"column":27},"end":{"line":28,"column":5}}},"2":{"name":"(anonymous_4)","decl":{"start":{"line":25,"column":19},"end":{"line":25,"column":31}},"loc":{"start":{"line":25,"column":31},"end":{"line":25,"column":47}}},"3":{"name":"(anonymous_5)","decl":{"start":{"line":26,"column":8},"end":{"line":26,"column":19}},"loc":{"start":{"line":26,"column":19},"end":{"line":26,"column":24}}},"4":{"name":"(anonymous_6)","decl":{"start":{"line":30,"column":29},"end":{"line":30,"column":null}},"loc":{"start":{"line":30,"column":29},"end":{"line":32,"column":4}}},"5":{"name":"(anonymous_7)","decl":{"start":{"line":31,"column":18},"end":{"line":31,"column":30}},"loc":{"start":{"line":31,"column":30},"end":{"line":31,"column":46}}},"6":{"name":"(anonymous_8)","decl":{"start":{"line":31,"column":54},"end":{"line":31,"column":65}},"loc":{"start":{"line":31,"column":65},"end":{"line":31,"column":80}}}},"branchMap":{"0":{"loc":{"start":{"line":26,"column":24},"end":{"line":26,"column":100}},"type":"cond-expr","locations":[{"start":{"line":26,"column":47},"end":{"line":26,"column":87}},{"start":{"line":26,"column":89},"end":{"line":26,"column":100}}]}},"s":{"0":1,"1":1,"2":1,"3":1,"4":1,"5":4,"6":4,"7":4,"8":4,"9":4,"10":4,"11":4,"12":4,"13":1,"14":1,"15":2,"16":4,"17":1,"18":1,"19":2,"20":4,"21":1},"f":{"0":4,"1":1,"2":1,"3":2,"4":1,"5":1,"6":2},"b":{"0":[1,1]}}
,"C:\\Users\\ryzen\\Documents\\projects\\TodoList\\src\\components\\ToDoItem\\ViewToDoItem\\styled.ts": {"path":"C:\\Users\\ryzen\\Documents\\projects\\TodoList\\src\\components\\ToDoItem\\ViewToDoItem\\styled.ts","statementMap":{"0":{"start":{"line":1,"column":0},"end":{"line":1,"column":74}},"1":{"start":{"line":2,"column":0},"end":{"line":2,"column":43}},"2":{"start":{"line":3,"column":0},"end":{"line":3,"column":50}},"3":{"start":{"line":5,"column":13},"end":{"line":27,"column":3}},"4":{"start":{"line":6,"column":33},"end":{"line":6,"column":null}},"5":{"start":{"line":8,"column":11},"end":{"line":8,"column":null}},"6":{"start":{"line":9,"column":6},"end":{"line":27,"column":2}},"7":{"start":{"line":29,"column":13},"end":{"line":33,"column":4}},"8":{"start":{"line":29,"column":54},"end":{"line":29,"column":56}},"9":{"start":{"line":29,"column":61},"end":{"line":33,"column":3}},"10":{"start":{"line":35,"column":13},"end":{"line":40,"column":3}},"11":{"start":{"line":42,"column":13},"end":{"line":54,"column":3}},"12":{"start":{"line":56,"column":13},"end":{"line":66,"column":3}},"13":{"start":{"line":68,"column":13},"end":{"line":78,"column":3}}},"fnMap":{"0":{"name":"(anonymous_0)","decl":{"start":{"line":6,"column":21},"end":{"line":6,"column":29}},"loc":{"start":{"line":6,"column":29},"end":{"line":6,"column":41}}},"1":{"name":"(anonymous_1)","decl":{"start":{"line":7,"column":25},"end":{"line":7,"column":26}},"loc":{"start":{"line":9,"column":1},"end":{"line":9,"column":null}}},"2":{"name":"(anonymous_2)","decl":{"start":{"line":29,"column":46},"end":{"line":29,"column":47}},"loc":{"start":{"line":29,"column":56},"end":{"line":29,"column":62}}}},"branchMap":{"0":{"loc":{"start":{"line":11,"column":20},"end":{"line":11,"column":55}},"type":"cond-expr","locations":[{"start":{"line":11,"column":32},"end":{"line":11,"column":46}},{"start":{"line":11,"column":49},"end":{"line":11,"column":55}}]}},"s":{"0":1,"1":1,"2":1,"3":1,"4":13,"5":4,"6":4,"7":1,"8":4,"9":4,"10":1,"11":1,"12":1,"13":1},"f":{"0":13,"1":4,"2":4},"b":{"0":[1,3]}}
,"C:\\Users\\ryzen\\Documents\\projects\\TodoList\\src\\helpers\\index.ts": {"path":"C:\\Users\\ryzen\\Documents\\projects\\TodoList\\src\\helpers\\index.ts","statementMap":{"0":{"start":{"line":1,"column":0},"end":{"line":1,"column":34}},"1":{"start":{"line":4,"column":37},"end":{"line":5,"column":3}},"2":{"start":{"line":5,"column":2},"end":{"line":5,"column":53}},"3":{"start":{"line":4,"column":13},"end":{"line":4,"column":37}},"4":{"start":{"line":7,"column":23},"end":{"line":7,"column":null}},"5":{"start":{"line":7,"column":38},"end":{"line":9,"column":2}},"6":{"start":{"line":7,"column":13},"end":{"line":7,"column":23}}},"fnMap":{"0":{"name":"(anonymous_0)","decl":{"start":{"line":4,"column":37},"end":{"line":4,"column":38}},"loc":{"start":{"line":4,"column":60},"end":{"line":5,"column":3}}},"1":{"name":"(anonymous_1)","decl":{"start":{"line":7,"column":23},"end":{"line":7,"column":24}},"loc":{"start":{"line":7,"column":33},"end":{"line":7,"column":null}}}},"branchMap":{},"s":{"0":5,"1":5,"2":3,"3":5,"4":5,"5":4,"6":5},"f":{"0":3,"1":4},"b":{}}
}
