TN:
SF:src\components\NewTaskField\index.tsx
FN:13,(anonymous_1)
FN:17,(anonymous_2)
FN:23,(anonymous_3)
FN:24,(anonymous_4)
FN:28,(anonymous_5)
FNF:5
FNH:5
FNDA:18,(anonymous_1)
FNDA:12,(anonymous_2)
FNDA:2,(anonymous_3)
FNDA:2,(anonymous_4)
FNDA:13,(anonymous_5)
DA:1,1
DA:2,1
DA:5,1
DA:7,1
DA:13,18
DA:14,18
DA:15,18
DA:17,18
DA:18,12
DA:20,12
DA:23,18
DA:24,2
DA:25,2
DA:28,18
DA:29,13
DA:31,13
DA:32,1
DA:36,18
DA:55,1
LF:19
LH:19
BRDA:31,0,0,1
BRF:1
BRH:1
end_of_record
TN:
SF:src\components\NewTaskField\styled.ts
FN:11,(anonymous_0)
FN:12,(anonymous_1)
FNF:2
FNH:2
FNDA:55,(anonymous_0)
FNDA:18,(anonymous_1)
DA:1,1
DA:2,1
DA:4,1
DA:10,1
DA:11,55
DA:13,18
DA:14,18
DA:21,1
LF:8
LH:8
BRDA:16,0,0,12
BRDA:16,0,1,6
BRF:2
BRH:2
end_of_record
TN:
SF:src\components\ToDoItem\index.tsx
FN:13,(anonymous_0)
FN:15,(anonymous_1)
FN:16,(anonymous_2)
FNF:3
FNH:3
FNDA:5,(anonymous_0)
FNDA:1,(anonymous_1)
FNDA:1,(anonymous_2)
DA:1,2
DA:2,2
DA:5,2
DA:6,2
DA:13,5
DA:14,5
DA:15,5
DA:16,1
DA:19,5
DA:39,2
LF:10
LH:10
BRDA:21,0,0,3
BRDA:21,0,1,2
BRF:2
BRH:2
end_of_record
TN:
SF:src\components\ToDoItem\EditToDoItem\index.tsx
FN:15,(anonymous_2)
FN:19,(anonymous_3)
FN:23,(anonymous_4)
FN:24,(anonymous_5)
FN:26,(anonymous_6)
FNF:5
FNH:5
FNDA:21,(anonymous_2)
FNDA:16,(anonymous_3)
FNDA:1,(anonymous_4)
FNDA:1,(anonymous_5)
FNDA:2,(anonymous_6)
DA:1,3
DA:2,3
DA:5,3
DA:6,3
DA:15,21
DA:16,21
DA:19,21
DA:20,16
DA:23,21
DA:24,1
DA:25,1
DA:27,2
DA:29,1
DA:32,21
DA:58,3
LF:15
LH:15
BRDA:27,0,0,1
BRDA:27,0,1,1
BRF:2
BRH:2
end_of_record
TN:
SF:src\components\ToDoItem\EditToDoItem\styled.ts
FN:3,(anonymous_0)
FNF:1
FNH:1
FNDA:21,(anonymous_0)
DA:1,3
DA:3,21
DA:9,3
DA:20,3
LF:4
LH:4
BRF:0
BRH:0
end_of_record
TN:
SF:src\components\ToDoItem\ViewToDoItem\index.tsx
FN:22,(anonymous_2)
FN:24,(anonymous_3)
FN:25,(anonymous_4)
FN:26,(anonymous_5)
FN:30,(anonymous_6)
FN:31,(anonymous_7)
FN:31,(anonymous_8)
FNF:7
FNH:7
FNDA:7,(anonymous_2)
FNDA:1,(anonymous_3)
FNDA:1,(anonymous_4)
FNDA:2,(anonymous_5)
FNDA:1,(anonymous_6)
FNDA:1,(anonymous_7)
FNDA:2,(anonymous_8)
DA:1,3
DA:2,3
DA:5,3
DA:6,3
DA:22,7
DA:24,7
DA:25,1
DA:26,2
DA:30,7
DA:31,2
DA:34,7
DA:66,3
LF:12
LH:12
BRDA:26,0,0,1
BRDA:26,0,1,1
BRF:2
BRH:2
end_of_record
TN:
SF:src\components\ToDoItem\ViewToDoItem\styled.ts
FN:6,(anonymous_0)
FN:7,(anonymous_1)
FN:29,(anonymous_2)
FNF:3
FNH:3
FNDA:24,(anonymous_0)
FNDA:7,(anonymous_1)
FNDA:7,(anonymous_2)
DA:1,3
DA:2,3
DA:3,3
DA:5,3
DA:6,24
DA:8,7
DA:9,7
DA:29,7
DA:35,3
DA:42,3
DA:56,3
DA:68,3
LF:12
LH:12
BRDA:11,0,0,1
BRDA:11,0,1,6
BRF:2
BRH:2
end_of_record
TN:
SF:src\components\ToDoList\index.tsx
FN:11,(anonymous_0)
FN:14,(anonymous_1)
FN:15,(anonymous_2)
FNF:3
FNH:3
FNDA:1,(anonymous_0)
FNDA:1,(anonymous_1)
FNDA:2,(anonymous_2)
DA:4,1
DA:11,1
DA:14,1
DA:15,2
DA:25,1
LF:5
LH:5
BRF:0
BRH:0
end_of_record
TN:
SF:src\helpers\index.ts
FN:4,(anonymous_0)
FN:7,(anonymous_1)
FNF:2
FNH:2
FNDA:3,(anonymous_0)
FNDA:7,(anonymous_1)
DA:1,5
DA:4,5
DA:5,3
DA:7,7
LF:4
LH:4
BRF:0
BRH:0
end_of_record
