TN:
SF:src\components\NewTaskField\index.tsx
FN:13,(anonymous_1)
FN:17,(anonymous_2)
FN:23,(anonymous_3)
FN:24,(anonymous_4)
FN:28,(anonymous_5)
FNF:5
FNH:5
FNDA:24,(anonymous_1)
FNDA:15,(anonymous_2)
FNDA:3,(anonymous_3)
FNDA:2,(anonymous_4)
FNDA:16,(anonymous_5)
DA:1,2
DA:2,2
DA:5,2
DA:7,2
DA:13,24
DA:14,24
DA:15,24
DA:17,24
DA:18,15
DA:20,15
DA:23,24
DA:24,3
DA:25,3
DA:28,24
DA:29,16
DA:31,16
DA:32,1
DA:36,24
DA:55,2
LF:19
LH:19
BRDA:31,0,0,1
BRF:1
BRH:1
end_of_record
TN:
SF:src\components\NewTaskField\styled.ts
FN:11,(anonymous_0)
FN:12,(anonymous_1)
FNF:2
FNH:2
FNDA:74,(anonymous_0)
FNDA:24,(anonymous_1)
DA:1,2
DA:2,2
DA:4,2
DA:10,2
DA:11,74
DA:13,24
DA:14,24
DA:21,2
LF:8
LH:8
BRDA:16,0,0,15
BRDA:16,0,1,9
BRF:2
BRH:2
end_of_record
TN:
SF:src\components\ToDoItem\EditToDoItem\index.tsx
FN:15,(anonymous_2)
FN:19,(anonymous_3)
FN:23,(anonymous_4)
FN:24,(anonymous_5)
FN:26,(anonymous_6)
FNF:5
FNH:5
FNDA:20,(anonymous_2)
FNDA:16,(anonymous_3)
FNDA:1,(anonymous_4)
FNDA:1,(anonymous_5)
FNDA:2,(anonymous_6)
DA:1,2
DA:2,2
DA:5,2
DA:6,2
DA:15,20
DA:16,20
DA:19,20
DA:20,16
DA:23,20
DA:24,1
DA:25,1
DA:27,2
DA:29,1
DA:32,20
DA:58,2
LF:15
LH:15
BRDA:27,0,0,1
BRDA:27,0,1,1
BRF:2
BRH:2
end_of_record
TN:
SF:src\components\ToDoItem\EditToDoItem\styled.ts
FN:3,(anonymous_0)
FNF:1
FNH:1
FNDA:20,(anonymous_0)
DA:1,2
DA:3,20
DA:9,2
DA:20,2
LF:4
LH:4
BRF:0
BRH:0
end_of_record
TN:
SF:src\components\ToDoItem\ViewToDoItem\index.tsx
FN:22,(anonymous_2)
FN:24,(anonymous_3)
FN:25,(anonymous_4)
FN:26,(anonymous_5)
FN:30,(anonymous_6)
FN:31,(anonymous_7)
FN:31,(anonymous_8)
FNF:7
FNH:7
FNDA:4,(anonymous_2)
FNDA:1,(anonymous_3)
FNDA:1,(anonymous_4)
FNDA:2,(anonymous_5)
FNDA:1,(anonymous_6)
FNDA:1,(anonymous_7)
FNDA:2,(anonymous_8)
DA:1,1
DA:2,1
DA:5,1
DA:6,1
DA:22,4
DA:24,4
DA:25,1
DA:26,2
DA:30,4
DA:31,2
DA:34,4
DA:61,1
LF:12
LH:12
BRDA:26,0,0,1
BRDA:26,0,1,1
BRF:2
BRH:2
end_of_record
TN:
SF:src\components\ToDoItem\ViewToDoItem\styled.ts
FN:6,(anonymous_0)
FN:7,(anonymous_1)
FN:29,(anonymous_2)
FNF:3
FNH:3
FNDA:13,(anonymous_0)
FNDA:4,(anonymous_1)
FNDA:4,(anonymous_2)
DA:1,1
DA:2,1
DA:3,1
DA:5,1
DA:6,13
DA:8,4
DA:9,4
DA:29,4
DA:35,1
DA:42,1
DA:56,1
DA:68,1
LF:12
LH:12
BRDA:11,0,0,1
BRDA:11,0,1,3
BRF:2
BRH:2
end_of_record
TN:
SF:src\helpers\index.ts
FN:4,(anonymous_0)
FN:7,(anonymous_1)
FNF:2
FNH:2
FNDA:3,(anonymous_0)
FNDA:4,(anonymous_1)
DA:1,5
DA:4,5
DA:5,3
DA:7,5
LF:4
LH:4
BRF:0
BRH:0
end_of_record
